Performing C SOURCE FILE Test CMAKE_HAVE_LIBC_PTHREAD failed with the following output:
Change Dir: /home/118010134/files/csc4005-imgui-seq/build/CMakeFiles/CMakeTmp

Run Build Command(s):/opt/rh/devtoolset-10/root/usr/bin/gmake -f Makefile cmTC_c19aa/fast && /opt/rh/devtoolset-10/root/usr/bin/gmake  -f CMakeFiles/cmTC_c19aa.dir/build.make CMakeFiles/cmTC_c19aa.dir/build
gmake[1]: Entering directory '/home/118010134/files/csc4005-imgui-seq/build/CMakeFiles/CMakeTmp'
Building C object CMakeFiles/cmTC_c19aa.dir/src.c.o
/usr/local/bin/clang -DCMAKE_HAVE_LIBC_PTHREAD   -MD -MT CMakeFiles/cmTC_c19aa.dir/src.c.o -MF CMakeFiles/cmTC_c19aa.dir/src.c.o.d -o CMakeFiles/cmTC_c19aa.dir/src.c.o -c /home/118010134/files/csc4005-imgui-seq/build/CMakeFiles/CMakeTmp/src.c
Linking C executable cmTC_c19aa
/opt/cmake/bin/cmake -E cmake_link_script CMakeFiles/cmTC_c19aa.dir/link.txt --verbose=1
/usr/local/bin/clang -rdynamic CMakeFiles/cmTC_c19aa.dir/src.c.o -o cmTC_c19aa 
ld.lld: error: undefined symbol: pthread_create
>>> referenced by src.c
>>>               CMakeFiles/cmTC_c19aa.dir/src.c.o:(main)

ld.lld: error: undefined symbol: pthread_detach
>>> referenced by src.c
>>>               CMakeFiles/cmTC_c19aa.dir/src.c.o:(main)

ld.lld: error: undefined symbol: pthread_cancel
>>> referenced by src.c
>>>               CMakeFiles/cmTC_c19aa.dir/src.c.o:(main)

ld.lld: error: undefined symbol: pthread_join
>>> referenced by src.c
>>>               CMakeFiles/cmTC_c19aa.dir/src.c.o:(main)

ld.lld: error: undefined symbol: pthread_atfork
>>> referenced by src.c
>>>               CMakeFiles/cmTC_c19aa.dir/src.c.o:(main)
clang-12: error: linker command failed with exit code 1 (use -v to see invocation)
gmake[1]: *** [CMakeFiles/cmTC_c19aa.dir/build.make:100: cmTC_c19aa] Error 1
gmake[1]: Leaving directory '/home/118010134/files/csc4005-imgui-seq/build/CMakeFiles/CMakeTmp'
gmake: *** [Makefile:127: cmTC_c19aa/fast] Error 2


Source file was:
#include <pthread.h>

static void* test_func(void* data)
{
  return data;
}

int main(void)
{
  pthread_t thread;
  pthread_create(&thread, NULL, test_func, NULL);
  pthread_detach(thread);
  pthread_cancel(thread);
  pthread_join(thread, NULL);
  pthread_atfork(NULL, NULL, NULL);
  pthread_exit(NULL);

  return 0;
}

Determining if the function pthread_create exists in the pthreads failed with the following output:
Change Dir: /home/118010134/files/csc4005-imgui-seq/build/CMakeFiles/CMakeTmp

Run Build Command(s):/opt/rh/devtoolset-10/root/usr/bin/gmake -f Makefile cmTC_2c7b8/fast && /opt/rh/devtoolset-10/root/usr/bin/gmake  -f CMakeFiles/cmTC_2c7b8.dir/build.make CMakeFiles/cmTC_2c7b8.dir/build
gmake[1]: Entering directory '/home/118010134/files/csc4005-imgui-seq/build/CMakeFiles/CMakeTmp'
Building C object CMakeFiles/cmTC_2c7b8.dir/CheckFunctionExists.c.o
/usr/local/bin/clang   -DCHECK_FUNCTION_EXISTS=pthread_create -MD -MT CMakeFiles/cmTC_2c7b8.dir/CheckFunctionExists.c.o -MF CMakeFiles/cmTC_2c7b8.dir/CheckFunctionExists.c.o.d -o CMakeFiles/cmTC_2c7b8.dir/CheckFunctionExists.c.o -c /opt/cmake/share/cmake-3.21/Modules/CheckFunctionExists.c
Linking C executable cmTC_2c7b8
/opt/cmake/bin/cmake -E cmake_link_script CMakeFiles/cmTC_2c7b8.dir/link.txt --verbose=1
/usr/local/bin/clang  -DCHECK_FUNCTION_EXISTS=pthread_create -rdynamic CMakeFiles/cmTC_2c7b8.dir/CheckFunctionExists.c.o -o cmTC_2c7b8  -lpthreads 
ld.lld: error: unable to find library -lpthreads
clang-12: error: linker command failed with exit code 1 (use -v to see invocation)
gmake[1]: *** [CMakeFiles/cmTC_2c7b8.dir/build.make:100: cmTC_2c7b8] Error 1
gmake[1]: Leaving directory '/home/118010134/files/csc4005-imgui-seq/build/CMakeFiles/CMakeTmp'
gmake: *** [Makefile:127: cmTC_2c7b8/fast] Error 2



